c:\users\10145\downloads\code\code\game2\debug\vc143.pdb
c:\users\10145\downloads\code\code\game2\debug\vc143.idb
c:\users\10145\downloads\code\code\game2\debug\wall.obj
c:\users\10145\downloads\code\code\game2\debug\vertexarray.obj
c:\users\10145\downloads\code\code\game2\debug\texture.obj
c:\users\10145\downloads\code\code\game2\debug\spritecomponent.obj
c:\users\10145\downloads\code\code\game2\debug\sphere.obj
c:\users\10145\downloads\code\code\game2\debug\shader.obj
c:\users\10145\downloads\code\code\game2\debug\renderer.obj
c:\users\10145\downloads\code\code\game2\debug\movecomponent.obj
c:\users\10145\downloads\code\code\game2\debug\meshcomponent.obj
c:\users\10145\downloads\code\code\game2\debug\mesh.obj
c:\users\10145\downloads\code\code\game2\debug\math.obj
c:\users\10145\downloads\code\code\game2\debug\main.obj
c:\users\10145\downloads\code\code\game2\debug\light.obj
c:\users\10145\downloads\code\code\game2\debug\game.obj
c:\users\10145\downloads\code\code\game2\debug\floor.obj
c:\users\10145\downloads\code\code\game2\debug\component.obj
c:\users\10145\downloads\code\code\game2\debug\circlecomponent.obj
c:\users\10145\downloads\code\code\game2\debug\cameraactor.obj
c:\users\10145\downloads\code\code\game2\debug\actor.obj
c:\users\10145\downloads\code\code\game2\debug\planeactor.obj
c:\users\10145\downloads\code\code\game2\debug\game.ilk
c:\users\10145\downloads\code\code\game2\debug\game.pdb
c:\users\10145\downloads\code\code\game2\debug\game.exe
c:\users\10145\downloads\code\code\game2\debug\game.tlog\cl.command.1.tlog
c:\users\10145\downloads\code\code\game2\debug\game.tlog\cl.read.1.tlog
c:\users\10145\downloads\code\code\game2\debug\game.tlog\cl.write.1.tlog
c:\users\10145\downloads\code\code\game2\debug\game.tlog\link.command.1.tlog
c:\users\10145\downloads\code\code\game2\debug\game.tlog\link.read.1.tlog
c:\users\10145\downloads\code\code\game2\debug\game.tlog\link.write.1.tlog
